<?xml version="1.0" encoding="utf-8"?><testsuites><testsuite errors="0" failures="0" hostname="W10FV523X2" name="pytest" skipped="0" tests="10" time="0.386" timestamp="2020-03-21T12:48:26.907065"><testcase classname="tests.test_addition" file="tests\test_addition.py" line="4" name="test_add" time="0.001"></testcase><testcase classname="tests.test_addition" file="tests\test_addition.py" line="9" name="test_add_string" time="0.001"></testcase><testcase classname="tests.test_division" file="tests\test_division.py" line="4" name="test_divide" time="0.000"></testcase><testcase classname="tests.test_division" file="tests\test_division.py" line="9" name="test_divide_by_zero" time="0.003"></testcase><testcase classname="tests.test_division" file="tests\test_division.py" line="14" name="test_divide_string" time="0.003"></testcase><testcase classname="tests.test_multiplication" file="tests\test_multiplication.py" line="4" name="test_multiply" time="0.002"></testcase><testcase classname="tests.test_multiplication" file="tests\test_multiplication.py" line="9" name="test_multiply_string" time="0.003"></testcase><testcase classname="tests.test_subtraction" file="tests\test_subtraction.py" line="4" name="test_subtract_positive" time="0.002"></testcase><testcase classname="tests.test_subtraction" file="tests\test_subtraction.py" line="9" name="test_subtract_negative" time="0.003"></testcase><testcase classname="tests.test_subtraction" file="tests\test_subtraction.py" line="14" name="test_subtract_string" time="0.003"></testcase></testsuite></testsuites>